<?xml version="1.0" encoding="UTF-8"?>
<!-- Generated by org.testng.reporters.JUnitReportReporter -->
<testsuite hostname="DESKTOP-0CJ158F" failures="0" tests="2" name="testCases.Registration_Test" time="9.816" errors="0" timestamp="2024-12-26T12:37:01 IST" skipped="0">
  <testcase classname="testCases.Registration_Test" name="Regis_test" time="4.199"/>
  <system-out/>
  <testcase classname="testCases.Registration_Test" name="Regis_test" time="5.617"/>
  <system-out/>
</testsuite> <!-- testCases.Registration_Test -->
