<?xml version="1.0" encoding="UTF-8"?>
<!-- Generated by org.testng.reporters.JUnitReportReporter -->
<testsuite hostname="DESKTOP-0CJ158F" failures="0" tests="1" name="testCases.TC_Seach_Product" time="7.488" errors="0" timestamp="2024-12-26T12:36:33 IST" skipped="0">
  <testcase classname="testCases.TC_Seach_Product" name="searchtest" time="7.488"/>
  <system-out/>
</testsuite> <!-- testCases.TC_Seach_Product -->
