<?xml version="1.0" encoding="UTF-8"?>
<!-- Generated by org.testng.reporters.JUnitReportReporter -->
<testsuite hostname="DESKTOP-0CJ158F" failures="0" tests="1" name="testCases.TC_Seach_Product" time="3.313" errors="0" timestamp="2024-12-17T14:56:46 IST" skipped="0">
  <testcase classname="testCases.TC_Seach_Product" name="searchtest" time="3.313"/>
  <system-out/>
</testsuite> <!-- testCases.TC_Seach_Product -->
