<?xml version="1.0" encoding="UTF-8"?>
<!-- Generated by org.testng.reporters.JUnitReportReporter -->
<testsuite hostname="DESKTOP-0CJ158F" failures="0" tests="1" name="testCases.login_test" time="7.403" errors="0" timestamp="2024-12-11T16:28:56 IST" skipped="0">
  <testcase classname="testCases.login_test" name="Login_TC" time="7.403"/>
  <system-out/>
</testsuite> <!-- testCases.login_test -->
