<?xml version="1.0" encoding="UTF-8"?>
<!-- Generated by org.testng.reporters.JUnitReportReporter -->
<testsuite hostname="DESKTOP-0CJ158F" failures="0" tests="1" name="testCases.Registration_Test" time="3.367" errors="0" timestamp="2024-12-11T16:28:56 IST" skipped="0">
  <testcase classname="testCases.Registration_Test" name="Regis_test" time="3.367"/>
  <system-out/>
</testsuite> <!-- testCases.Registration_Test -->
