<?xml version="1.0" encoding="UTF-8"?>
<!-- Generated by org.testng.reporters.JUnitReportReporter -->
<testsuite hostname="DESKTOP-0CJ158F" failures="0" tests="1" name="testCases.TC_Seach_Product" time="4.311" errors="0" timestamp="2024-12-26T13:28:51 IST" skipped="0">
  <testcase classname="testCases.TC_Seach_Product" name="searchtest" time="4.311"/>
</testsuite> <!-- testCases.TC_Seach_Product -->
