<?xml version="1.0" encoding="UTF-8"?>
<!-- Generated by org.testng.reporters.JUnitReportReporter -->
<testsuite hostname="DESKTOP-0CJ158F" failures="0" tests="1" name="testCases.login_test" time="6.930" errors="0" timestamp="2024-12-26T13:28:51 IST" skipped="0">
  <testcase classname="testCases.login_test" name="Login_TC" time="6.930"/>
</testsuite> <!-- testCases.login_test -->
