<?xml version="1.0" encoding="UTF-8"?>
<!-- Generated by org.testng.reporters.JUnitReportReporter -->
<testsuite hostname="DESKTOP-0CJ158F" failures="0" tests="1" name="testCases.TC_Seach_Product" time="3.904" errors="0" timestamp="2024-12-20T12:06:21 IST" skipped="0">
  <testcase classname="testCases.TC_Seach_Product" name="searchtest" time="3.904"/>
</testsuite> <!-- testCases.TC_Seach_Product -->
