<?xml version="1.0" encoding="UTF-8"?>
<!-- Generated by org.testng.reporters.JUnitReportReporter -->
<testsuite hostname="DESKTOP-0CJ158F" failures="0" tests="1" name="testCases.Registration_Test" time="2.386" errors="0" timestamp="2024-12-24T17:17:03 IST" skipped="0">
  <testcase classname="testCases.Registration_Test" name="Regis_test" time="2.386"/>
</testsuite> <!-- testCases.Registration_Test -->
